<?xml version="1.0" encoding="UTF-8"?>
<testsuite xmlns:xsi="http://www.w3.org/2001/XMLSchema-instance" xsi:noNamespaceSchemaLocation="https://maven.apache.org/surefire/maven-surefire-plugin/xsd/surefire-test-report-3.0.xsd" version="3.0" name="runner.TestRunner" time="26.122" tests="2" errors="0" skipped="0" failures="0">
  <properties>
[...]
</properties>
  <testcase name="runScenario[&quot;Add customer&quot;, &quot;Add New Customer Details&quot;](1)" classname="runner.TestRunner" time="17.189">
    <system-out><![CDATA[
@Sanity @Regression
Scenario: Add customer                                                                    # src/test/resources/features/AddCustomers.feature:10
Setup methord executed... 
[INFO ] 2023-04-23 07:54:52.952 [main] Step - Setup logger Executed 
[INFO ] 2023-04-23 07:54:52.984 [main] Step - Browser launch 
  Given User Launch Chrome browser                                                        # stepdef.Step.user_launch_chrome_browser()
  When User opens URL "http://admin-demo.nopcommerce.com/login"                           # stepdef.Step.user_opens_url(java.lang.String)
[INFO ] 2023-04-23 07:54:54.014 [main] Step - Enter Username and Password 
  And User enters Email as "admin@yourstore.com" and Password as "admin"                  # stepdef.Step.user_enters_email_as_and_password_as(java.lang.String,java.lang.String)
  And Click on Login                                                                      # stepdef.Step.click_on_login()
[WARN ] 2023-04-23 07:54:57.082 [main] Step - Test Passed : Dashboard Title match
  Then User can view Dashboard                                                            # stepdef.Step.user_can_view_dashboard()
[INFO ] 2023-04-23 07:54:57.127 [main] Step - Click on Customer Menu 
  When User click on Customers Menu                                                       # stepdef.Step.user_click_on_customers_menu()
[INFO ] 2023-04-23 07:55:00.898 [main] Step - Click on Customer Menu item 
  And Click on customer Menu Item                                                         # stepdef.Step.click_on_customer_menu_item()
[INFO ] 2023-04-23 07:55:01.602 [main] Step - Click on Add new Button 
  And Click on Add new Button                                                             # stepdef.Step.click_on_add_new_button()
[WARN ] 2023-04-23 07:55:01.615 [main] Step - Test Passed : Customer page Title match
  Then User can view Add new customer page                                                # stepdef.Step.user_can_view_add_new_customer_page()
[INFO ] 2023-04-23 07:55:02.269 [main] Step - Enter Customer info Successfully
  When User enter customer info                                                           # stepdef.Step.user_enter_customer_info()
[INFO ] 2023-04-23 07:55:06.082 [main] Step - Click on Save Button
  And Click on Save button                                                                # stepdef.Step.click_on_save_button()
[WARN ] 2023-04-23 07:55:06.185 [main] Step - Test Passed : Confirmation message is match
  Then User can view confirmation message "The new customer has been added successfully." # stepdef.Step.user_can_view_confirmation_message(java.lang.String)
[INFO ] 2023-04-23 07:55:06.370 [main] Step - Closing Browser 
  And close browser                                                                       # stepdef.CloseStep.close_browser()
TearDown Executed
]]></system-out>
    <system-err><![CDATA[SLF4J: Failed to load class "org.slf4j.impl.StaticLoggerBinder".
SLF4J: Defaulting to no-operation (NOP) logger implementation
SLF4J: See http://www.slf4j.org/codes.html#StaticLoggerBinder for further details.
Starting Microsoft Edge WebDriver 112.0.1722.58 (4dc3f55bfaec25ee4e6acc8bd6b20d64b3b0b7bb) on port 10380
To submit feedback, report a bug, or suggest new features, please visit https://github.com/MicrosoftEdge/EdgeWebDriver

Only local connections are allowed.
Please see https://aka.ms/WebDriverSecurity for suggestions on keeping Microsoft Edge WebDriver safe.

Microsoft Edge WebDriver was started successfully.
Apr 23, 2023 7:54:52 AM org.openqa.selenium.devtools.CdpVersionFinder findNearestMatch
WARNING: Unable to find an exact match for CDP version 112, so returning the closest version found: 111
[1682232906.303][SEVERE]: Unable to receive message from renderer
]]></system-err>
  </testcase>
  <testcase name="runScenario[&quot;Successful Login with Valid Credentials&quot;, &quot;Login Page&quot;](2)" classname="runner.TestRunner" time="8.024">
    <system-out><![CDATA[
@Sanity @Regression
Scenario: Successful Login with Valid Credentials                        # src/test/resources/features/loginPage.feature:4
Setup methord executed... 
[INFO ] 2023-04-23 07:55:09.060 [main] Step - Setup logger Executed 
[INFO ] 2023-04-23 07:55:09.064 [main] Step - Browser launch 
  Given User Launch Chrome browser                                       # stepdef.Step.user_launch_chrome_browser()
  When User opens URL "http://admin-demo.nopcommerce.com/login"          # stepdef.Step.user_opens_url(java.lang.String)
[INFO ] 2023-04-23 07:55:10.024 [main] Step - Enter Username and Password 
  And User enters Email as "admin@yourstore.com" and Password as "admin" # stepdef.Step.user_enters_email_as_and_password_as(java.lang.String,java.lang.String)
  And Click on Login                                                     # stepdef.Step.click_on_login()
[WARN ] 2023-04-23 07:55:13.353 [main] Step - Test Passed : Login Page Title match 
  Then Page Title should be "Dashboard / nopCommerce administration"     # stepdef.Step.page_title_should_be(java.lang.String)
[INFO ] 2023-04-23 07:55:14.315 [main] Step - User Click on LogoutBtn
  When User click on Log out link                                        # stepdef.Step.user_click_on_log_out_link()
[WARN ] 2023-04-23 07:55:14.319 [main] Step - Test Passed : Login Page Title match 
  Then Page Title should be "Your store. Login"                          # stepdef.Step.page_title_should_be(java.lang.String)
[INFO ] 2023-04-23 07:55:14.466 [main] Step - Closing Browser 
  And close browser                                                      # stepdef.CloseStep.close_browser()
TearDown Executed
]]></system-out>
    <system-err><![CDATA[Starting Microsoft Edge WebDriver 112.0.1722.58 (4dc3f55bfaec25ee4e6acc8bd6b20d64b3b0b7bb) on port 35537
To submit feedback, report a bug, or suggest new features, please visit https://github.com/MicrosoftEdge/EdgeWebDriver

Only local connections are allowed.
Please see https://aka.ms/WebDriverSecurity for suggestions on keeping Microsoft Edge WebDriver safe.

Microsoft Edge WebDriver was started successfully.
Apr 23, 2023 7:55:08 AM org.openqa.selenium.devtools.CdpVersionFinder findNearestMatch
WARNING: Unable to find an exact match for CDP version 112, so returning the closest version found: 111
[1682232914.429][SEVERE]: Unable to receive message from renderer
]]></system-err>
  </testcase>
</testsuite>